{"level":"error","message":"my custom error"}
{"level":"error","message":"promise rejection error"}
{"message":"my error","level":"error"}
{"message":"my error","level":"error"}
{"message":"my error","level":"error"}
{"message":"MongoDB connected...","level":"info"}
{"message":"failed to reconnect after 30 attempts with interval 1000 ms","level":"error"}
{"message":"MongoDB connected...","level":"info"}
{"message":"failed to reconnect after 30 attempts with interval 1000 ms","level":"error"}
{"message":"MongoDB connected...","level":"info"}
{"message":"MongoDB connected...","level":"info"}
{"message":"MongoDB connected...","level":"info"}
{"message":"Listening on port 3000...","level":"info"}
{"message":"MongoDB connected...","level":"info"}
{"message":"Listening on port 3000...","level":"info"}
{"message":"MongoDB connected...","level":"info"}
{"message":"Listening on port 3000...","level":"info"}
{"message":"MongoDB connected...","level":"info"}
{"message":"Listening on port 3000...","level":"info"}
{"message":"MongoDB connected...","level":"info"}
{"message":"Listening on port 3000...","level":"info"}
{"message":"MongoDB connected...","level":"info"}
{"message":"Listening on port 3000...","level":"info"}
{"message":"MongoDB connected...","level":"info"}
{"message":"Listening on port 3000...","level":"info"}
{"message":"Listening on port 3000...","level":"info"}
{"message":"MongoDB connected...","level":"info"}
{"message":"Listening on port 3000...","level":"info"}
{"message":"MongoDB connected...","level":"info"}
{"message":"Listening on port 3000...","level":"info"}
{"message":"MongoDB connected...","level":"info"}
{"message":"Listening on port 3000...","level":"info"}
{"message":"MongoDB connected to mongodb://localhost/vidly...","level":"info"}
{"message":"Listening on port 3000...","level":"info"}
{"message":"MongoDB connected to mongodb://localhost/vidly_tests...","level":"info"}
{"message":"Listening on port 3000...","level":"info"}
{"message":"MongoDB connected to mongodb://localhost/vidly_tests...","level":"info"}
{"message":"Listening on port 3000...","level":"info"}
{"message":"Listening on port 3000...","level":"info"}
{"message":"Listening on port 3000...","level":"info"}
{"message":"Listening on port 3000...","level":"info"}
{"message":"Listening on port 3000...","level":"info"}
{"message":"MongoDB connected to mongodb://localhost/vidly_tests...","level":"info"}
{"message":"Listening on port 3000...","level":"info"}
{"message":"MongoDB connected to mongodb://localhost/vidly_tests...","level":"info"}
{"message":"Listening on port 3000...","level":"info"}
{"message":"MongoDB connected to mongodb://localhost/vidly_tests...","level":"info"}
{"message":"Listening on port 3000...","level":"info"}
{"message":"MongoDB connected to mongodb://localhost/vidly_tests...","level":"info"}
{"message":"Listening on port 3000...","level":"info"}
{"message":"MongoDB connected to mongodb://localhost/vidly_tests...","level":"info"}
{"message":"Listening on port 3000...","level":"info"}
{"message":"MongoDB connected to mongodb://localhost/vidly_tests...","level":"info"}
{"message":"Listening on port 3000...","level":"info"}
{"message":"MongoDB connected to mongodb://localhost/vidly_tests...","level":"info"}
{"message":"Listening on port 3000...","level":"info"}
{"message":"MongoDB connected to mongodb://localhost/vidly_tests...","level":"info"}
{"message":"Listening on port 3000...","level":"info"}
{"message":"MongoDB connected to mongodb://localhost/vidly_tests...","level":"info"}
{"message":"Listening on port 3000...","level":"info"}
{"message":"MongoDB connected to mongodb://localhost/vidly_tests...","level":"info"}
{"message":"Listening on port 3000...","level":"info"}
{"message":"MongoDB connected to mongodb://localhost/vidly_tests...","level":"info"}
{"message":"Listening on port 3000...","level":"info"}
{"message":"MongoDB connected to mongodb://localhost/vidly_tests...","level":"info"}
{"message":"Listening on port 3000...","level":"info"}
{"message":"MongoDB connected to mongodb://localhost/vidly_tests...","level":"info"}
{"message":"Listening on port 3000...","level":"info"}
{"message":"MongoDB connected to mongodb://localhost/vidly_tests...","level":"info"}
{"message":"Listening on port 3000...","level":"info"}
{"message":"MongoDB connected to mongodb://localhost/vidly_tests...","level":"info"}
{"message":"Listening on port 3000...","level":"info"}
{"message":"MongoDB connected to mongodb://localhost/vidly_tests...","level":"info"}
{"message":"Listening on port 3000...","level":"info"}
{"message":"MongoDB connected to mongodb://localhost/vidly_tests...","level":"info"}
{"message":"Listening on port 3000...","level":"info"}
{"message":"MongoDB connected to mongodb://localhost/vidly_tests...","level":"info"}
{"message":"Listening on port 3000...","level":"info"}
{"message":"MongoDB connected to mongodb://localhost/vidly_tests...","level":"info"}
{"message":"Listening on port 3000...","level":"info"}
{"message":"MongoDB connected to mongodb://localhost/vidly_tests...","level":"info"}
{"message":"Listening on port 3000...","level":"info"}
{"message":"MongoDB connected to mongodb://localhost/vidly_tests...","level":"info"}
{"message":"Cast to ObjectId failed for value \"1\" at path \"_id\" for model \"Genre\"","level":"error"}
{"message":"Listening on port 3000...","level":"info"}
{"message":"MongoDB connected to mongodb://localhost/vidly_tests...","level":"info"}
{"message":"Listening on port 3000...","level":"info"}
{"message":"MongoDB connected to mongodb://localhost/vidly_tests...","level":"info"}
{"message":"Listening on port 3000...","level":"info"}
{"message":"MongoDB connected to mongodb://localhost/vidly_tests...","level":"info"}
{"message":"Listening on port 3000...","level":"info"}
{"message":"MongoDB connected to mongodb://localhost/vidly_tests...","level":"info"}
{"message":"Listening on port 3000...","level":"info"}
{"message":"MongoDB connected to mongodb://localhost/vidly_tests...","level":"info"}
{"message":"Listening on port 3000...","level":"info"}
{"message":"MongoDB connected to mongodb://localhost/vidly_tests...","level":"info"}
{"message":"Listening on port 3000...","level":"info"}
{"message":"MongoDB connected to mongodb://localhost/vidly_tests...","level":"info"}
{"message":"Listening on port 3000...","level":"info"}
{"message":"MongoDB connected to mongodb://localhost/vidly_tests...","level":"info"}
{"message":"Listening on port 3000...","level":"info"}
{"message":"Listening on port 3000...","level":"info"}
{"message":"MongoDB connected to mongodb://localhost/vidly_tests...","level":"info"}
{"message":"MongoDB connected to mongodb://localhost/vidly_tests...","level":"info"}
{"message":"Listening on port 3000...","level":"info"}
{"message":"MongoDB connected to mongodb://localhost/vidly_tests...","level":"info"}
{"message":"Listening on port 3000...","level":"info"}
{"message":"MongoDB connected to mongodb://localhost/vidly_tests...","level":"info"}
{"message":"Listening on port 3000...","level":"info"}
{"message":"MongoDB connected to mongodb://localhost/vidly_tests...","level":"info"}
{"message":"Listening on port 3000...","level":"info"}
{"message":"MongoDB connected to mongodb://localhost/vidly_tests...","level":"info"}
{"message":"Listening on port 3000...","level":"info"}
{"message":"MongoDB connected to mongodb://localhost/vidly_tests...","level":"info"}
{"message":"Listening on port 3000...","level":"info"}
{"message":"MongoDB connected to mongodb://localhost/vidly_tests...","level":"info"}
{"message":"Listening on port 3000...","level":"info"}
{"message":"MongoDB connected to mongodb://localhost/vidly_tests...","level":"info"}
{"message":"Listening on port 3000...","level":"info"}
{"message":"MongoDB connected to mongodb://localhost/vidly_tests...","level":"info"}
{"message":"validateGenre is not defined","level":"error"}
{"message":"Listening on port 3000...","level":"info"}
{"message":"MongoDB connected to mongodb://localhost/vidly_tests...","level":"info"}
{"message":"validateGenre is not defined","level":"error"}
{"message":"Listening on port 3000...","level":"info"}
{"message":"MongoDB connected to mongodb://localhost/vidly_tests...","level":"info"}
{"message":"validateGenre is not defined","level":"error"}
{"message":"Listening on port 3000...","level":"info"}
{"message":"MongoDB connected to mongodb://localhost/vidly_tests...","level":"info"}
{"message":"validateGenre is not defined","level":"error"}
{"message":"Listening on port 3000...","level":"info"}
{"message":"MongoDB connected to mongodb://localhost/vidly_tests...","level":"info"}
{"message":"validateGenre is not defined","level":"error"}
{"message":"Listening on port 3000...","level":"info"}
{"message":"MongoDB connected to mongodb://localhost/vidly_tests...","level":"info"}
{"message":"validateGenre is not defined","level":"error"}
{"message":"Listening on port 3000...","level":"info"}
{"message":"MongoDB connected to mongodb://localhost/vidly_tests...","level":"info"}
{"message":"validateGenre is not defined","level":"error"}
{"message":"validateGenre is not defined","level":"error"}
{"message":"validateGenre is not defined","level":"error"}
{"message":"Listening on port 3000...","level":"info"}
{"message":"MongoDB connected to mongodb://localhost/vidly_tests...","level":"info"}
{"message":"validateGenre is not defined","level":"error"}
{"message":"validateGenre is not defined","level":"error"}
{"message":"validateGenre is not defined","level":"error"}
{"message":"Listening on port 3000...","level":"info"}
{"message":"MongoDB connected to mongodb://localhost/vidly_tests...","level":"info"}
{"message":"validateGenre is not defined","level":"error"}
{"message":"Listening on port 3000...","level":"info"}
{"message":"MongoDB connected to mongodb://localhost/vidly_tests...","level":"info"}
{"message":"Listening on port 3000...","level":"info"}
{"message":"MongoDB connected to mongodb://localhost/vidly_tests...","level":"info"}
{"message":"validateGenre is not defined","level":"error"}
{"message":"validateGenre is not defined","level":"error"}
{"message":"validateGenre is not defined","level":"error"}
{"message":"Listening on port 3000...","level":"info"}
{"message":"MongoDB connected to mongodb://localhost/vidly_tests...","level":"info"}
{"message":"validateGenre is not defined","level":"error"}
{"message":"validateGenre is not defined","level":"error"}
{"message":"validateGenre is not defined","level":"error"}
{"message":"Listening on port 3000...","level":"info"}
{"message":"MongoDB connected to mongodb://localhost/vidly_tests...","level":"info"}
{"message":"validateGenre is not defined","level":"error"}
{"message":"validateGenre is not defined","level":"error"}
{"message":"validateGenre is not defined","level":"error"}
{"message":"Listening on port 3000...","level":"info"}
{"message":"MongoDB connected to mongodb://localhost/vidly_tests...","level":"info"}
{"message":"validateGenre is not defined","level":"error"}
{"message":"validateGenre is not defined","level":"error"}
{"message":"Listening on port 3000...","level":"info"}
{"message":"MongoDB connected to mongodb://localhost/vidly_tests...","level":"info"}
{"message":"validateGenre is not defined","level":"error"}
{"message":"Listening on port 3000...","level":"info"}
{"message":"MongoDB connected to mongodb://localhost/vidly_tests...","level":"info"}
{"message":"validateGenre is not defined","level":"error"}
{"message":"Listening on port 3000...","level":"info"}
{"message":"MongoDB connected to mongodb://localhost/vidly_tests...","level":"info"}
{"message":"validateGenre is not defined","level":"error"}
{"message":"Listening on port 3000...","level":"info"}
{"message":"MongoDB connected to mongodb://localhost/vidly_tests...","level":"info"}
{"message":"validateGenre is not defined","level":"error"}
{"message":"Listening on port 3000...","level":"info"}
{"message":"MongoDB connected to mongodb://localhost/vidly_tests...","level":"info"}
{"message":"validateGenre is not defined","level":"error"}
{"message":"Listening on port 3000...","level":"info"}
{"message":"MongoDB connected to mongodb://localhost/vidly_tests...","level":"info"}
{"message":"validateGenre is not defined","level":"error"}
{"message":"Listening on port 3000...","level":"info"}
{"message":"MongoDB connected to mongodb://localhost/vidly_tests...","level":"info"}
{"message":"validateGenre is not defined","level":"error"}
{"message":"Listening on port 3000...","level":"info"}
{"message":"MongoDB connected to mongodb://localhost/vidly_tests...","level":"info"}
{"message":"validateGenre is not defined","level":"error"}
{"message":"Listening on port 3000...","level":"info"}
{"message":"MongoDB connected to mongodb://localhost/vidly_tests...","level":"info"}
{"message":"genre is not defined","level":"error"}
{"message":"Listening on port 3000...","level":"info"}
{"message":"MongoDB connected to mongodb://localhost/vidly_tests...","level":"info"}
{"message":"genre is not defined","level":"error"}
{"message":"Listening on port 3000...","level":"info"}
{"message":"MongoDB connected to mongodb://localhost/vidly_tests...","level":"info"}
{"message":"Listening on port 3000...","level":"info"}
{"message":"MongoDB connected to mongodb://localhost/vidly_tests...","level":"info"}
{"message":"Listening on port 3000...","level":"info"}
{"message":"MongoDB connected to mongodb://localhost/vidly_tests...","level":"info"}
{"message":"Listening on port 3000...","level":"info"}
{"message":"MongoDB connected to mongodb://localhost/vidly_tests...","level":"info"}
{"message":"Listening on port 3000...","level":"info"}
{"message":"MongoDB connected to mongodb://localhost/vidly_tests...","level":"info"}
{"message":"Listening on port 3000...","level":"info"}
{"message":"MongoDB connected to mongodb://localhost/vidly_tests...","level":"info"}
{"message":"Listening on port 3000...","level":"info"}
{"message":"MongoDB connected to mongodb://localhost/vidly_tests...","level":"info"}
{"message":"Listening on port 3000...","level":"info"}
{"message":"MongoDB connected to mongodb://localhost/vidly_tests...","level":"info"}
{"message":"Listening on port 3000...","level":"info"}
{"message":"MongoDB connected to mongodb://localhost/vidly_tests...","level":"info"}
{"message":"Listening on port 3000...","level":"info"}
{"message":"MongoDB connected to mongodb://localhost/vidly_tests...","level":"info"}
{"message":"Listening on port 3000...","level":"info"}
{"message":"MongoDB connected to mongodb://localhost/vidly_tests...","level":"info"}
{"message":"Listening on port 3000...","level":"info"}
{"message":"MongoDB connected to mongodb://localhost/vidly_tests...","level":"info"}
{"message":"Listening on port 3000...","level":"info"}
{"message":"MongoDB connected to mongodb://localhost/vidly_tests...","level":"info"}
{"message":"Listening on port 3000...","level":"info"}
{"message":"MongoDB connected to mongodb://localhost/vidly_tests...","level":"info"}
{"message":"Listening on port 3000...","level":"info"}
{"message":"MongoDB connected to mongodb://localhost/vidly_tests...","level":"info"}
{"message":"Listening on port 3000...","level":"info"}
{"message":"MongoDB connected to mongodb://localhost/vidly_tests...","level":"info"}
{"message":"Listening on port 3000...","level":"info"}
{"message":"MongoDB connected to mongodb://localhost/vidly_tests...","level":"info"}
{"message":"Listening on port 3000...","level":"info"}
{"message":"MongoDB connected to mongodb://localhost/vidly_tests...","level":"info"}
{"message":"Listening on port 3000...","level":"info"}
{"message":"MongoDB connected to mongodb://localhost/vidly_tests...","level":"info"}
{"message":"Listening on port 3000...","level":"info"}
{"message":"MongoDB connected to mongodb://localhost/vidly_tests...","level":"info"}
{"message":"Listening on port 3000...","level":"info"}
{"message":"MongoDB connected to mongodb://localhost/vidly_tests...","level":"info"}
{"message":"Listening on port 3000...","level":"info"}
{"message":"MongoDB connected to mongodb://localhost/vidly_tests...","level":"info"}
{"message":"Listening on port 3000...","level":"info"}
{"message":"MongoDB connected to mongodb://localhost/vidly_tests...","level":"info"}
{"message":"Listening on port 3000...","level":"info"}
{"message":"MongoDB connected to mongodb://localhost/vidly_tests...","level":"info"}
{"message":"Listening on port 3000...","level":"info"}
{"message":"MongoDB connected to mongodb://localhost/vidly_tests...","level":"info"}
{"message":"Listening on port 3000...","level":"info"}
{"message":"MongoDB connected to mongodb://localhost/vidly_tests...","level":"info"}
{"message":"Listening on port 3000...","level":"info"}
{"message":"MongoDB connected to mongodb://localhost/vidly_tests...","level":"info"}
{"message":"Listening on port 3000...","level":"info"}
{"message":"MongoDB connected to mongodb://localhost/vidly_tests...","level":"info"}
{"message":"Listening on port 3000...","level":"info"}
{"message":"MongoDB connected to mongodb://localhost/vidly_tests...","level":"info"}
{"message":"Listening on port 3000...","level":"info"}
{"message":"MongoDB connected to mongodb://localhost/vidly_tests...","level":"info"}
{"message":"Listening on port 3000...","level":"info"}
{"message":"MongoDB connected to mongodb://localhost/vidly_tests...","level":"info"}
{"message":"Listening on port 3000...","level":"info"}
{"message":"MongoDB connected to mongodb://localhost/vidly_tests...","level":"info"}
{"message":"Listening on port 3000...","level":"info"}
{"message":"MongoDB connected to mongodb://localhost/vidly_tests...","level":"info"}
{"message":"Listening on port 3000...","level":"info"}
{"message":"MongoDB connected to mongodb://localhost/vidly_tests...","level":"info"}
{"message":"Listening on port 3000...","level":"info"}
{"message":"MongoDB connected to mongodb://localhost/vidly_tests...","level":"info"}
{"message":"Listening on port 3000...","level":"info"}
{"message":"Listening on port 3000...","level":"info"}
{"message":"MongoDB connected to mongodb://localhost/vidly_tests...","level":"info"}
{"message":"MongoDB connected to mongodb://localhost/vidly_tests...","level":"info"}
{"message":"Listening on port 3000...","level":"info"}
{"message":"Listening on port 3000...","level":"info"}
{"message":"MongoDB connected to mongodb://localhost/vidly_tests...","level":"info"}
{"message":"MongoDB connected to mongodb://localhost/vidly_tests...","level":"info"}
{"message":"Listening on port 3000...","level":"info"}
{"message":"MongoDB connected to mongodb://localhost/vidly_tests...","level":"info"}
{"message":"Listening on port 3000...","level":"info"}
{"message":"MongoDB connected to mongodb://localhost/vidly_tests...","level":"info"}
{"message":"Listening on port 3000...","level":"info"}
{"message":"Listening on port 3000...","level":"info"}
{"message":"MongoDB connected to mongodb://localhost/vidly_tests...","level":"info"}
{"message":"MongoDB connected to mongodb://localhost/vidly_tests...","level":"info"}
{"message":"Listening on port 3000...","level":"info"}
{"message":"Listening on port 3000...","level":"info"}
{"message":"MongoDB connected to mongodb://localhost/vidly_tests...","level":"info"}
{"message":"MongoDB connected to mongodb://localhost/vidly_tests...","level":"info"}
{"message":"Listening on port 3000...","level":"info"}
{"message":"Listening on port 3000...","level":"info"}
{"message":"MongoDB connected to mongodb://localhost/vidly_tests...","level":"info"}
{"message":"MongoDB connected to mongodb://localhost/vidly_tests...","level":"info"}
{"message":"Listening on port 3000...","level":"info"}
{"message":"Listening on port 3000...","level":"info"}
{"message":"MongoDB connected to mongodb://localhost/vidly_tests...","level":"info"}
{"message":"MongoDB connected to mongodb://localhost/vidly_tests...","level":"info"}
{"message":"Listening on port 3000...","level":"info"}
{"message":"Listening on port 3000...","level":"info"}
{"message":"MongoDB connected to mongodb://localhost/vidly_tests...","level":"info"}
{"message":"MongoDB connected to mongodb://localhost/vidly_tests...","level":"info"}
{"message":"Listening on port 3000...","level":"info"}
{"message":"Listening on port 3000...","level":"info"}
{"message":"MongoDB connected to mongodb://localhost/vidly_tests...","level":"info"}
{"message":"MongoDB connected to mongodb://localhost/vidly_tests...","level":"info"}
{"message":"Listening on port 3000...","level":"info"}
{"message":"MongoDB connected to mongodb://localhost/vidly_tests...","level":"info"}
{"message":"Listening on port 3000...","level":"info"}
{"message":"Listening on port 3000...","level":"info"}
{"message":"MongoDB connected to mongodb://localhost/vidly_tests...","level":"info"}
{"message":"MongoDB connected to mongodb://localhost/vidly_tests...","level":"info"}
{"message":"Listening on port 3000...","level":"info"}
{"message":"Listening on port 3000...","level":"info"}
{"message":"MongoDB connected to mongodb://localhost/vidly_tests...","level":"info"}
{"message":"MongoDB connected to mongodb://localhost/vidly_tests...","level":"info"}
{"message":"Listening on port 3000...","level":"info"}
{"message":"Listening on port 3000...","level":"info"}
{"message":"MongoDB connected to mongodb://localhost/vidly_tests...","level":"info"}
{"message":"MongoDB connected to mongodb://localhost/vidly_tests...","level":"info"}
{"message":"Listening on port 3000...","level":"info"}
{"message":"Listening on port 3000...","level":"info"}
{"message":"MongoDB connected to mongodb://localhost/vidly_tests...","level":"info"}
{"message":"MongoDB connected to mongodb://localhost/vidly_tests...","level":"info"}
{"message":"Listening on port 3000...","level":"info"}
{"message":"MongoDB connected to mongodb://localhost/vidly_tests...","level":"info"}
{"message":"Listening on port 3000...","level":"info"}
{"message":"MongoDB connected to mongodb://localhost/vidly_tests...","level":"info"}
{"message":"Listening on port 3000...","level":"info"}
{"message":"MongoDB connected to mongodb://localhost/vidly_tests...","level":"info"}
{"message":"Listening on port 3000...","level":"info"}
{"message":"MongoDB connected to mongodb://localhost/vidly_tests...","level":"info"}
{"message":"Listening on port 3000...","level":"info"}
{"message":"MongoDB connected to mongodb://localhost/vidly_tests...","level":"info"}
{"message":"Listening on port 3000...","level":"info"}
{"message":"MongoDB connected to mongodb://localhost/vidly_tests...","level":"info"}
{"message":"Listening on port 3000...","level":"info"}
{"message":"Listening on port 3000...","level":"info"}
{"message":"MongoDB connected to mongodb://localhost/vidly_tests...","level":"info"}
{"message":"MongoDB connected to mongodb://localhost/vidly_tests...","level":"info"}
{"message":"Listening on port 3000...","level":"info"}
{"message":"Listening on port 3000...","level":"info"}
{"message":"MongoDB connected to mongodb://localhost/vidly_tests...","level":"info"}
{"message":"MongoDB connected to mongodb://localhost/vidly_tests...","level":"info"}
{"message":"Listening on port 3000...","level":"info"}
{"message":"MongoDB connected to mongodb://localhost/vidly_tests...","level":"info"}
{"message":"Listening on port 3000...","level":"info"}
{"message":"MongoDB connected to mongodb://localhost/vidly_tests...","level":"info"}
{"message":"Listening on port 3000...","level":"info"}
{"message":"Listening on port 3000...","level":"info"}
{"message":"MongoDB connected to mongodb://localhost/vidly_tests...","level":"info"}
{"message":"MongoDB connected to mongodb://localhost/vidly_tests...","level":"info"}
{"message":"Listening on port 3000...","level":"info"}
{"message":"Listening on port 3000...","level":"info"}
{"message":"MongoDB connected to mongodb://localhost/vidly_tests...","level":"info"}
{"message":"MongoDB connected to mongodb://localhost/vidly_tests...","level":"info"}
{"message":"Listening on port 3000...","level":"info"}
{"message":"Listening on port 3000...","level":"info"}
{"message":"MongoDB connected to mongodb://localhost/vidly_tests...","level":"info"}
{"message":"MongoDB connected to mongodb://localhost/vidly_tests...","level":"info"}
{"message":"Listening on port 3000...","level":"info"}
{"message":"Listening on port 3000...","level":"info"}
{"message":"MongoDB connected to mongodb://localhost/vidly_tests...","level":"info"}
{"message":"MongoDB connected to mongodb://localhost/vidly_tests...","level":"info"}
{"message":"Listening on port 3000...","level":"info"}
{"message":"Listening on port 3000...","level":"info"}
{"message":"MongoDB connected to mongodb://localhost/vidly_tests...","level":"info"}
{"message":"MongoDB connected to mongodb://localhost/vidly_tests...","level":"info"}
{"message":"Listening on port 3000...","level":"info"}
{"message":"Listening on port 3000...","level":"info"}
{"message":"MongoDB connected to mongodb://localhost/vidly_tests...","level":"info"}
{"message":"MongoDB connected to mongodb://localhost/vidly_tests...","level":"info"}
{"message":"Listening on port 3000...","level":"info"}
{"message":"Listening on port 3000...","level":"info"}
{"message":"MongoDB connected to mongodb://localhost/vidly_tests...","level":"info"}
{"message":"MongoDB connected to mongodb://localhost/vidly_tests...","level":"info"}
{"message":"Listening on port 3000...","level":"info"}
{"message":"Listening on port 3000...","level":"info"}
{"message":"MongoDB connected to mongodb://localhost/vidly_tests...","level":"info"}
{"message":"MongoDB connected to mongodb://localhost/vidly_tests...","level":"info"}
{"message":"Listening on port 3000...","level":"info"}
{"message":"Listening on port 3000...","level":"info"}
{"message":"MongoDB connected to mongodb://localhost/vidly_tests...","level":"info"}
{"message":"MongoDB connected to mongodb://localhost/vidly_tests...","level":"info"}
{"message":"Listening on port 3000...","level":"info"}
{"message":"Listening on port 3000...","level":"info"}
{"message":"MongoDB connected to mongodb://localhost/vidly_tests...","level":"info"}
{"message":"MongoDB connected to mongodb://localhost/vidly_tests...","level":"info"}
{"message":"Listening on port 3000...","level":"info"}
{"message":"Listening on port 3000...","level":"info"}
{"message":"MongoDB connected to mongodb://localhost/vidly_tests...","level":"info"}
{"message":"MongoDB connected to mongodb://localhost/vidly_tests...","level":"info"}
{"message":"Listening on port 3000...","level":"info"}
{"message":"MongoDB connected to mongodb://localhost/vidly_tests...","level":"info"}
{"message":"Listening on port 3000...","level":"info"}
{"message":"unsupported charset \"UTF-8\"","level":"error"}
{"message":"MongoDB connected to mongodb://localhost/vidly_tests...","level":"info"}
{"message":"Listening on port 3000...","level":"info"}
{"message":"Listening on port 3000...","level":"info"}
{"message":"MongoDB connected to mongodb://localhost/vidly_tests...","level":"info"}
{"message":"MongoDB connected to mongodb://localhost/vidly_tests...","level":"info"}
{"message":"Listening on port 3000...","level":"info"}
{"message":"Listening on port 3000...","level":"info"}
{"message":"unsupported charset \"UTF-8\"","level":"error"}
{"message":"MongoDB connected to mongodb://localhost/vidly_tests...","level":"info"}
{"message":"MongoDB connected to mongodb://localhost/vidly_tests...","level":"info"}
{"message":"Listening on port 3000...","level":"info"}
{"message":"Listening on port 3000...","level":"info"}
{"message":"MongoDB connected to mongodb://localhost/vidly_tests...","level":"info"}
{"message":"MongoDB connected to mongodb://localhost/vidly_tests...","level":"info"}
{"message":"Listening on port 3000...","level":"info"}
{"message":"Listening on port 3000...","level":"info"}
{"message":"MongoDB connected to mongodb://localhost/vidly_tests...","level":"info"}
{"message":"MongoDB connected to mongodb://localhost/vidly_tests...","level":"info"}
{"message":"Listening on port 3000...","level":"info"}
{"message":"Listening on port 3000...","level":"info"}
{"message":"MongoDB connected to mongodb://localhost/vidly_tests...","level":"info"}
{"message":"MongoDB connected to mongodb://localhost/vidly_tests...","level":"info"}
{"message":"Listening on port 3000...","level":"info"}
{"message":"Listening on port 3000...","level":"info"}
{"message":"MongoDB connected to mongodb://localhost/vidly_tests...","level":"info"}
{"message":"MongoDB connected to mongodb://localhost/vidly_tests...","level":"info"}
{"message":"Listening on port 3000...","level":"info"}
{"message":"MongoDB connected to mongodb://localhost/vidly_tests...","level":"info"}
{"message":"Listening on port 3000...","level":"info"}
{"message":"MongoDB connected to mongodb://localhost/vidly_tests...","level":"info"}
{"message":"Listening on port 3000...","level":"info"}
{"message":"Listening on port 3000...","level":"info"}
{"message":"MongoDB connected to mongodb://localhost/vidly_tests...","level":"info"}
{"message":"MongoDB connected to mongodb://localhost/vidly_tests...","level":"info"}
{"message":"Listening on port 3000...","level":"info"}
{"message":"Listening on port 3000...","level":"info"}
{"message":"MongoDB connected to mongodb://localhost/vidly_tests...","level":"info"}
{"message":"MongoDB connected to mongodb://localhost/vidly_tests...","level":"info"}
{"message":"Listening on port 3000...","level":"info"}
{"message":"Listening on port 3000...","level":"info"}
{"message":"MongoDB connected to mongodb://localhost/vidly_tests...","level":"info"}
{"message":"MongoDB connected to mongodb://localhost/vidly_tests...","level":"info"}
{"message":"Listening on port 3000...","level":"info"}
{"message":"Listening on port 3000...","level":"info"}
{"message":"unsupported charset \"UTF-8\"","level":"error"}
{"message":"MongoDB connected to mongodb://localhost/vidly_tests...","level":"info"}
{"message":"MongoDB connected to mongodb://localhost/vidly_tests...","level":"info"}
{"message":"Listening on port 3000...","level":"info"}
{"message":"Listening on port 3000...","level":"info"}
{"message":"unsupported charset \"UTF-8\"","level":"error"}
{"message":"MongoDB connected to mongodb://localhost/vidly_tests...","level":"info"}
{"message":"MongoDB connected to mongodb://localhost/vidly_tests...","level":"info"}
{"message":"Listening on port 3000...","level":"info"}
{"message":"Listening on port 3000...","level":"info"}
{"message":"unsupported charset \"UTF-8\"","level":"error"}
{"message":"MongoDB connected to mongodb://localhost/vidly_tests...","level":"info"}
{"message":"MongoDB connected to mongodb://localhost/vidly_tests...","level":"info"}
{"message":"Listening on port 3000...","level":"info"}
{"message":"Listening on port 3000...","level":"info"}
{"message":"MongoDB connected to mongodb://localhost/vidly_tests...","level":"info"}
{"message":"MongoDB connected to mongodb://localhost/vidly_tests...","level":"info"}
{"message":"Listening on port 3000...","level":"info"}
{"message":"Listening on port 3000...","level":"info"}
{"message":"MongoDB connected to mongodb://localhost/vidly_tests...","level":"info"}
{"message":"MongoDB connected to mongodb://localhost/vidly_tests...","level":"info"}
{"message":"Listening on port 3000...","level":"info"}
{"message":"Listening on port 3000...","level":"info"}
{"message":"MongoDB connected to mongodb://localhost/vidly_tests...","level":"info"}
{"message":"MongoDB connected to mongodb://localhost/vidly_tests...","level":"info"}
{"message":"Listening on port 3000...","level":"info"}
{"message":"Listening on port 3000...","level":"info"}
{"message":"MongoDB connected to mongodb://localhost/vidly_tests...","level":"info"}
{"message":"MongoDB connected to mongodb://localhost/vidly_tests...","level":"info"}
{"message":"Listening on port 3000...","level":"info"}
{"message":"Listening on port 3000...","level":"info"}
{"message":"MongoDB connected to mongodb://localhost/vidly_tests...","level":"info"}
{"message":"MongoDB connected to mongodb://localhost/vidly_tests...","level":"info"}
{"message":"Listening on port 3000...","level":"info"}
{"message":"Listening on port 3000...","level":"info"}
{"message":"MongoDB connected to mongodb://localhost/vidly_tests...","level":"info"}
{"message":"MongoDB connected to mongodb://localhost/vidly_tests...","level":"info"}
{"message":"Listening on port 3000...","level":"info"}
{"message":"Listening on port 3000...","level":"info"}
{"message":"MongoDB connected to mongodb://localhost/vidly_tests...","level":"info"}
{"message":"MongoDB connected to mongodb://localhost/vidly_tests...","level":"info"}
{"message":"Listening on port 3000...","level":"info"}
{"message":"Listening on port 3000...","level":"info"}
{"message":"MongoDB connected to mongodb://localhost/vidly_tests...","level":"info"}
{"message":"MongoDB connected to mongodb://localhost/vidly_tests...","level":"info"}
{"message":"Listening on port 3000...","level":"info"}
{"message":"Listening on port 3000...","level":"info"}
{"message":"MongoDB connected to mongodb://localhost/vidly_tests...","level":"info"}
{"message":"MongoDB connected to mongodb://localhost/vidly_tests...","level":"info"}
{"message":"Listening on port 3000...","level":"info"}
{"message":"Listening on port 3000...","level":"info"}
{"message":"MongoDB connected to mongodb://localhost/vidly_tests...","level":"info"}
{"message":"MongoDB connected to mongodb://localhost/vidly_tests...","level":"info"}
{"message":"Listening on port 3000...","level":"info"}
{"message":"Listening on port 3000...","level":"info"}
{"message":"MongoDB connected to mongodb://localhost/vidly_tests...","level":"info"}
{"message":"MongoDB connected to mongodb://localhost/vidly_tests...","level":"info"}
{"message":"Listening on port 3000...","level":"info"}
{"message":"MongoDB connected to mongodb://localhost/vidly_tests...","level":"info"}
{"message":"Listening on port 3000...","level":"info"}
{"message":"MongoDB connected to mongodb://localhost/vidly_tests...","level":"info"}
{"message":"Listening on port 3000...","level":"info"}
{"message":"MongoDB connected to mongodb://localhost/vidly_tests...","level":"info"}
{"message":"Listening on port 3000...","level":"info"}
{"message":"MongoDB connected to mongodb://localhost/vidly_tests...","level":"info"}
{"message":"Listening on port 3000...","level":"info"}
{"message":"MongoDB connected to mongodb://localhost/vidly_tests...","level":"info"}
{"message":"Listening on port 3000...","level":"info"}
{"message":"Listening on port 3000...","level":"info"}
{"message":"MongoDB connected to mongodb://localhost/vidly_tests...","level":"info"}
{"message":"MongoDB connected to mongodb://localhost/vidly_tests...","level":"info"}
{"message":"Listening on port 3000...","level":"info"}
{"message":"MongoDB connected to mongodb://localhost/vidly_tests...","level":"info"}
{"message":"Listening on port 3000...","level":"info"}
{"message":"MongoDB connected to mongodb://localhost/vidly_tests...","level":"info"}
{"message":"Listening on port 3000...","level":"info"}
{"message":"MongoDB connected to mongodb://localhost/vidly_tests...","level":"info"}
{"message":"Listening on port 3000...","level":"info"}
{"message":"MongoDB connected to mongodb://localhost/vidly_tests...","level":"info"}
{"message":"Listening on port 3000...","level":"info"}
{"message":"MongoDB connected to mongodb://localhost/vidly_tests...","level":"info"}
{"message":"Listening on port 3000...","level":"info"}
{"message":"MongoDB connected to mongodb://localhost/vidly_tests...","level":"info"}
{"message":"Listening on port 3000...","level":"info"}
{"message":"MongoDB connected to mongodb://localhost/vidly_tests...","level":"info"}
{"message":"Listening on port 3000...","level":"info"}
{"message":"MongoDB connected to mongodb://localhost/vidly_tests...","level":"info"}
{"message":"Listening on port 3000...","level":"info"}
{"message":"MongoDB connected to mongodb://localhost/vidly_tests...","level":"info"}
{"message":"Listening on port 3000...","level":"info"}
{"message":"MongoDB connected to mongodb://localhost/vidly_tests...","level":"info"}
{"message":"Listening on port 3000...","level":"info"}
{"message":"MongoDB connected to mongodb://localhost/vidly_tests...","level":"info"}
{"message":"Listening on port 3000...","level":"info"}
{"message":"MongoDB connected to mongodb://localhost/vidly_tests...","level":"info"}
{"message":"Listening on port 3000...","level":"info"}
{"message":"MongoDB connected to mongodb://localhost/vidly_tests...","level":"info"}
{"message":"Listening on port 3000...","level":"info"}
{"message":"MongoDB connected to mongodb://localhost/vidly_tests...","level":"info"}
{"message":"Listening on port 3000...","level":"info"}
{"message":"MongoDB connected to mongodb://localhost/vidly_tests...","level":"info"}
{"message":"Listening on port 3000...","level":"info"}
{"message":"MongoDB connected to mongodb://localhost/vidly_tests...","level":"info"}
{"message":"Listening on port 3000...","level":"info"}
{"message":"MongoDB connected to mongodb://localhost/vidly_tests...","level":"info"}
{"message":"Listening on port 3000...","level":"info"}
{"message":"MongoDB connected to mongodb://localhost/vidly_tests...","level":"info"}
{"message":"Listening on port 3000...","level":"info"}
{"message":"MongoDB connected to mongodb://localhost/vidly_tests...","level":"info"}
{"message":"Listening on port 3000...","level":"info"}
{"message":"MongoDB connected to mongodb://localhost/vidly_tests...","level":"info"}
{"message":"Listening on port 3000...","level":"info"}
{"message":"MongoDB connected to mongodb://localhost/vidly_tests...","level":"info"}
{"message":"Listening on port 3000...","level":"info"}
{"message":"MongoDB connected to mongodb://localhost/vidly_tests...","level":"info"}
{"message":"Listening on port 3000...","level":"info"}
{"message":"MongoDB connected to mongodb://localhost/vidly_tests...","level":"info"}
{"message":"Listening on port 3000...","level":"info"}
{"message":"MongoDB connected to mongodb://localhost/vidly_tests...","level":"info"}
{"message":"Listening on port 3000...","level":"info"}
{"message":"MongoDB connected to mongodb://localhost/vidly_tests...","level":"info"}
{"message":"Listening on port 3000...","level":"info"}
{"message":"MongoDB connected to mongodb://localhost/vidly_tests...","level":"info"}
{"message":"Listening on port 3000...","level":"info"}
{"message":"MongoDB connected to mongodb://localhost/vidly_tests...","level":"info"}
{"message":"Listening on port 3000...","level":"info"}
{"message":"MongoDB connected to mongodb://localhost/vidly_tests...","level":"info"}
{"message":"Listening on port 3000...","level":"info"}
{"message":"MongoDB connected to mongodb://localhost/vidly_tests...","level":"info"}
{"message":"Listening on port 3000...","level":"info"}
{"message":"MongoDB connected to mongodb://localhost/vidly_tests...","level":"info"}
{"message":"Listening on port 3000...","level":"info"}
{"message":"MongoDB connected to mongodb://localhost/vidly_tests...","level":"info"}
{"message":"Listening on port 3000...","level":"info"}
{"message":"MongoDB connected to mongodb://localhost/vidly_tests...","level":"info"}
{"message":"Listening on port 3000...","level":"info"}
{"message":"MongoDB connected to mongodb://localhost/vidly_tests...","level":"info"}
{"message":"Listening on port 3000...","level":"info"}
{"message":"MongoDB connected to mongodb://localhost/vidly_tests...","level":"info"}
{"message":"Listening on port 3000...","level":"info"}
{"message":"MongoDB connected to mongodb://localhost/vidly_tests...","level":"info"}
{"message":"Listening on port 3000...","level":"info"}
{"message":"MongoDB connected to mongodb://localhost/vidly_tests...","level":"info"}
{"message":"Listening on port 3000...","level":"info"}
{"message":"MongoDB connected to mongodb://localhost/vidly_tests...","level":"info"}
{"message":"Listening on port 3000...","level":"info"}
{"message":"MongoDB connected to mongodb://localhost/vidly_tests...","level":"info"}
{"message":"Listening on port 3000...","level":"info"}
{"message":"MongoDB connected to mongodb://localhost/vidly_tests...","level":"info"}
{"message":"Listening on port 3000...","level":"info"}
{"message":"MongoDB connected to mongodb://localhost/vidly_tests...","level":"info"}
{"message":"Listening on port 3000...","level":"info"}
{"message":"MongoDB connected to mongodb://localhost/vidly_tests...","level":"info"}
{"message":"Listening on port 3000...","level":"info"}
{"message":"MongoDB connected to mongodb://localhost/vidly_tests...","level":"info"}
{"message":"Listening on port 3000...","level":"info"}
{"message":"MongoDB connected to mongodb://localhost/vidly_tests...","level":"info"}
{"message":"Listening on port 3000...","level":"info"}
{"message":"MongoDB connected to mongodb://localhost/vidly_tests...","level":"info"}
{"message":"Listening on port 3000...","level":"info"}
{"message":"MongoDB connected to mongodb://localhost/vidly_tests...","level":"info"}
{"message":"Listening on port 3000...","level":"info"}
{"message":"MongoDB connected to mongodb://localhost/vidly_tests...","level":"info"}
